{
  "RSpec": {
    "coverage": {
      "/Users/nickdyer/projects/borisbikes/lib/bike_container.rb": [
        1,
        null,
        1,
        null,
        1,
        null,
        1,
        354,
        null,
        null,
        1,
        197,
        null,
        null,
        1,
        null,
        null,
        null,
        null,
        null,
        1,
        175,
        null,
        null,
        1,
        139,
        136,
        133,
        null,
        null,
        1,
        15,
        9,
        6,
        null,
        null,
        1,
        0,
        null,
        null,
        1,
        145,
        null,
        null,
        1,
        19,
        null,
        null,
        1,
        3,
        null,
        null,
        1,
        5,
        null,
        null,
        1,
        6,
        45,
        null,
        null,
        null,
        null,
        null,
        null,
        null
      ],
      "/Users/nickdyer/projects/borisbikes/lib/bike.rb": [
        1,
        null,
        1,
        21,
        null,
        null,
        1,
        18,
        null,
        null,
        1,
        2,
        null,
        null,
        1,
        22,
        null,
        null,
        null,
        null,
        null
      ],
      "/Users/nickdyer/projects/borisbikes/lib/docking_station.rb": [
        1,
        null,
        1,
        null,
        1,
        null,
        1,
        16,
        null,
        null,
        null
      ],
      "/Users/nickdyer/projects/borisbikes/lib/van.rb": [
        1,
        null,
        1,
        null,
        1,
        null,
        1,
        16,
        null,
        null,
        null
      ],
      "/Users/nickdyer/projects/borisbikes/lib/garage.rb": [
        1,
        null,
        1,
        null,
        1,
        null,
        1,
        17,
        null,
        null,
        1,
        2,
        null,
        null,
        null
      ],
      "/Users/nickdyer/projects/borisbikes/lib/person.rb": [
        1,
        null,
        1,
        7,
        null,
        null,
        1,
        5,
        null,
        null,
        1,
        1,
        null,
        null,
        1,
        2,
        null,
        null,
        1,
        2,
        null,
        null,
        1,
        1,
        1,
        null,
        null,
        null,
        null
      ]
    },
    "timestamp": 1422896734
  }
}
